<mule xmlns="http://www.mulesoft.org/schema/mule/core"
      xmlns:xsi="http://www.w3.org/2001/XMLSchema-instance"
      xmlns:portkey-ai-gateway="http://www.mulesoft.org/schema/mule/portkey-ai-gateway"
      xsi:schemaLocation="http://www.mulesoft.org/schema/mule/core http://www.mulesoft.org/schema/mule/core/current/mule.xsd
          http://www.mulesoft.org/schema/mule/portkey-ai-gateway http://www.mulesoft.org/schema/mule/portkey-ai-gateway/current/mule-portkey-ai-gateway.xsd">

    <portkey-ai-gateway:config name="config" configId="configId">
        <portkey-ai-gateway:connection requiredParameter="aValue" />
    </portkey-ai-gateway:config>

    <flow name="sayHiFlow">
        <portkey-ai-gateway:say-hi person="Mariano Gonzalez"/>
    </flow>

    <flow name="retrieveInfoFlow">
        <portkey-ai-gateway:retrieve-info config-ref="config"/>
    </flow>

</mule>
